mode: set
github.com/mateusmacedo/go-nunu-template/internal/repository/repository.go:30.15,36.2 1 1
github.com/mateusmacedo/go-nunu-template/internal/repository/repository.go:42.48,44.2 1 0
github.com/mateusmacedo/go-nunu-template/internal/repository/repository.go:48.55,50.14 2 1
github.com/mateusmacedo/go-nunu-template/internal/repository/repository.go:50.14,51.33 1 0
github.com/mateusmacedo/go-nunu-template/internal/repository/repository.go:51.33,53.4 1 0
github.com/mateusmacedo/go-nunu-template/internal/repository/repository.go:55.2,55.30 1 1
github.com/mateusmacedo/go-nunu-template/internal/repository/repository.go:58.97,59.67 1 0
github.com/mateusmacedo/go-nunu-template/internal/repository/repository.go:59.67,62.3 2 0
github.com/mateusmacedo/go-nunu-template/internal/repository/repository.go:65.55,76.16 5 0
github.com/mateusmacedo/go-nunu-template/internal/repository/repository.go:77.15,80.5 1 0
github.com/mateusmacedo/go-nunu-template/internal/repository/repository.go:81.18,85.22 1 0
github.com/mateusmacedo/go-nunu-template/internal/repository/repository.go:86.16,87.56 1 0
github.com/mateusmacedo/go-nunu-template/internal/repository/repository.go:88.10,89.29 1 0
github.com/mateusmacedo/go-nunu-template/internal/repository/repository.go:91.2,91.16 1 0
github.com/mateusmacedo/go-nunu-template/internal/repository/repository.go:91.16,92.13 1 0
github.com/mateusmacedo/go-nunu-template/internal/repository/repository.go:94.2,98.16 3 0
github.com/mateusmacedo/go-nunu-template/internal/repository/repository.go:98.16,99.13 1 0
github.com/mateusmacedo/go-nunu-template/internal/repository/repository.go:101.2,104.11 4 0
github.com/mateusmacedo/go-nunu-template/internal/repository/repository.go:106.48,117.16 5 0
github.com/mateusmacedo/go-nunu-template/internal/repository/repository.go:117.16,118.53 1 0
github.com/mateusmacedo/go-nunu-template/internal/repository/repository.go:121.2,121.12 1 0
github.com/mateusmacedo/go-nunu-template/internal/repository/user.go:19.54,23.2 1 1
github.com/mateusmacedo/go-nunu-template/internal/repository/user.go:29.78,30.53 1 1
github.com/mateusmacedo/go-nunu-template/internal/repository/user.go:30.53,32.3 1 0
github.com/mateusmacedo/go-nunu-template/internal/repository/user.go:33.2,33.12 1 1
github.com/mateusmacedo/go-nunu-template/internal/repository/user.go:36.78,37.51 1 1
github.com/mateusmacedo/go-nunu-template/internal/repository/user.go:37.51,39.3 1 0
github.com/mateusmacedo/go-nunu-template/internal/repository/user.go:40.2,40.12 1 1
github.com/mateusmacedo/go-nunu-template/internal/repository/user.go:43.91,45.82 2 1
github.com/mateusmacedo/go-nunu-template/internal/repository/user.go:45.82,46.45 1 0
github.com/mateusmacedo/go-nunu-template/internal/repository/user.go:46.45,48.4 1 0
github.com/mateusmacedo/go-nunu-template/internal/repository/user.go:49.3,49.18 1 0
github.com/mateusmacedo/go-nunu-template/internal/repository/user.go:51.2,51.19 1 1
github.com/mateusmacedo/go-nunu-template/internal/repository/user.go:54.93,56.79 2 1
github.com/mateusmacedo/go-nunu-template/internal/repository/user.go:56.79,57.45 1 0
github.com/mateusmacedo/go-nunu-template/internal/repository/user.go:57.45,59.4 1 0
github.com/mateusmacedo/go-nunu-template/internal/repository/user.go:60.3,60.18 1 0
github.com/mateusmacedo/go-nunu-template/internal/repository/user.go:62.2,62.19 1 1
github.com/mateusmacedo/go-nunu-template/internal/handler/handler.go:13.46,17.2 1 1
github.com/mateusmacedo/go-nunu-template/internal/handler/handler.go:18.48,20.13 2 1
github.com/mateusmacedo/go-nunu-template/internal/handler/handler.go:20.13,22.3 1 0
github.com/mateusmacedo/go-nunu-template/internal/handler/handler.go:23.2,23.39 1 1
github.com/mateusmacedo/go-nunu-template/internal/handler/user.go:17.85,22.2 1 1
github.com/mateusmacedo/go-nunu-template/internal/handler/user.go:34.50,36.48 2 1
github.com/mateusmacedo/go-nunu-template/internal/handler/user.go:36.48,39.3 2 0
github.com/mateusmacedo/go-nunu-template/internal/handler/user.go:41.2,41.57 1 1
github.com/mateusmacedo/go-nunu-template/internal/handler/user.go:41.57,45.3 3 0
github.com/mateusmacedo/go-nunu-template/internal/handler/user.go:47.2,47.28 1 1
github.com/mateusmacedo/go-nunu-template/internal/handler/user.go:60.47,62.49 2 1
github.com/mateusmacedo/go-nunu-template/internal/handler/user.go:62.49,65.3 2 0
github.com/mateusmacedo/go-nunu-template/internal/handler/user.go:67.2,68.16 2 1
github.com/mateusmacedo/go-nunu-template/internal/handler/user.go:68.16,71.3 2 0
github.com/mateusmacedo/go-nunu-template/internal/handler/user.go:72.2,74.4 1 1
github.com/mateusmacedo/go-nunu-template/internal/handler/user.go:87.52,89.18 2 1
github.com/mateusmacedo/go-nunu-template/internal/handler/user.go:89.18,92.3 2 0
github.com/mateusmacedo/go-nunu-template/internal/handler/user.go:94.2,95.16 2 1
github.com/mateusmacedo/go-nunu-template/internal/handler/user.go:95.16,98.3 2 0
github.com/mateusmacedo/go-nunu-template/internal/handler/user.go:100.2,100.29 1 1
github.com/mateusmacedo/go-nunu-template/internal/handler/user.go:103.55,107.49 3 1
github.com/mateusmacedo/go-nunu-template/internal/handler/user.go:107.49,110.3 2 0
github.com/mateusmacedo/go-nunu-template/internal/handler/user.go:112.2,112.71 1 1
github.com/mateusmacedo/go-nunu-template/internal/handler/user.go:112.71,115.3 2 0
github.com/mateusmacedo/go-nunu-template/internal/handler/user.go:117.2,117.28 1 1
github.com/mateusmacedo/go-nunu-template/internal/repository/repository.go:30.15,36.2 1 0
github.com/mateusmacedo/go-nunu-template/internal/repository/repository.go:42.48,44.2 1 0
github.com/mateusmacedo/go-nunu-template/internal/repository/repository.go:48.55,50.14 2 0
github.com/mateusmacedo/go-nunu-template/internal/repository/repository.go:50.14,51.33 1 0
github.com/mateusmacedo/go-nunu-template/internal/repository/repository.go:51.33,53.4 1 0
github.com/mateusmacedo/go-nunu-template/internal/repository/repository.go:55.2,55.30 1 0
github.com/mateusmacedo/go-nunu-template/internal/repository/repository.go:58.97,59.67 1 0
github.com/mateusmacedo/go-nunu-template/internal/repository/repository.go:59.67,62.3 2 0
github.com/mateusmacedo/go-nunu-template/internal/repository/repository.go:65.55,76.16 5 0
github.com/mateusmacedo/go-nunu-template/internal/repository/repository.go:77.15,80.5 1 0
github.com/mateusmacedo/go-nunu-template/internal/repository/repository.go:81.18,85.22 1 0
github.com/mateusmacedo/go-nunu-template/internal/repository/repository.go:86.16,87.56 1 0
github.com/mateusmacedo/go-nunu-template/internal/repository/repository.go:88.10,89.29 1 0
github.com/mateusmacedo/go-nunu-template/internal/repository/repository.go:91.2,91.16 1 0
github.com/mateusmacedo/go-nunu-template/internal/repository/repository.go:91.16,92.13 1 0
github.com/mateusmacedo/go-nunu-template/internal/repository/repository.go:94.2,98.16 3 0
github.com/mateusmacedo/go-nunu-template/internal/repository/repository.go:98.16,99.13 1 0
github.com/mateusmacedo/go-nunu-template/internal/repository/repository.go:101.2,104.11 4 0
github.com/mateusmacedo/go-nunu-template/internal/repository/repository.go:106.48,117.16 5 0
github.com/mateusmacedo/go-nunu-template/internal/repository/repository.go:117.16,118.53 1 0
github.com/mateusmacedo/go-nunu-template/internal/repository/repository.go:121.2,121.12 1 0
github.com/mateusmacedo/go-nunu-template/internal/repository/user.go:19.54,23.2 1 0
github.com/mateusmacedo/go-nunu-template/internal/repository/user.go:29.78,30.53 1 0
github.com/mateusmacedo/go-nunu-template/internal/repository/user.go:30.53,32.3 1 0
github.com/mateusmacedo/go-nunu-template/internal/repository/user.go:33.2,33.12 1 0
github.com/mateusmacedo/go-nunu-template/internal/repository/user.go:36.78,37.51 1 0
github.com/mateusmacedo/go-nunu-template/internal/repository/user.go:37.51,39.3 1 0
github.com/mateusmacedo/go-nunu-template/internal/repository/user.go:40.2,40.12 1 0
github.com/mateusmacedo/go-nunu-template/internal/repository/user.go:43.91,45.82 2 0
github.com/mateusmacedo/go-nunu-template/internal/repository/user.go:45.82,46.45 1 0
github.com/mateusmacedo/go-nunu-template/internal/repository/user.go:46.45,48.4 1 0
github.com/mateusmacedo/go-nunu-template/internal/repository/user.go:49.3,49.18 1 0
github.com/mateusmacedo/go-nunu-template/internal/repository/user.go:51.2,51.19 1 0
github.com/mateusmacedo/go-nunu-template/internal/repository/user.go:54.93,56.79 2 0
github.com/mateusmacedo/go-nunu-template/internal/repository/user.go:56.79,57.45 1 0
github.com/mateusmacedo/go-nunu-template/internal/repository/user.go:57.45,59.4 1 0
github.com/mateusmacedo/go-nunu-template/internal/repository/user.go:60.3,60.18 1 0
github.com/mateusmacedo/go-nunu-template/internal/repository/user.go:62.2,62.19 1 0
github.com/mateusmacedo/go-nunu-template/internal/service/service.go:17.101,24.2 1 0
github.com/mateusmacedo/go-nunu-template/internal/service/user.go:20.87,25.2 1 0
github.com/mateusmacedo/go-nunu-template/internal/service/user.go:32.84,35.16 2 0
github.com/mateusmacedo/go-nunu-template/internal/service/user.go:35.16,37.3 1 0
github.com/mateusmacedo/go-nunu-template/internal/service/user.go:38.2,38.31 1 0
github.com/mateusmacedo/go-nunu-template/internal/service/user.go:38.31,40.3 1 0
github.com/mateusmacedo/go-nunu-template/internal/service/user.go:42.2,43.16 2 0
github.com/mateusmacedo/go-nunu-template/internal/service/user.go:43.16,45.3 1 0
github.com/mateusmacedo/go-nunu-template/internal/service/user.go:47.2,48.16 2 0
github.com/mateusmacedo/go-nunu-template/internal/service/user.go:48.16,50.3 1 0
github.com/mateusmacedo/go-nunu-template/internal/service/user.go:51.2,57.62 2 0
github.com/mateusmacedo/go-nunu-template/internal/service/user.go:57.62,59.53 1 0
github.com/mateusmacedo/go-nunu-template/internal/service/user.go:59.53,61.4 1 0
github.com/mateusmacedo/go-nunu-template/internal/service/user.go:63.3,63.13 1 0
github.com/mateusmacedo/go-nunu-template/internal/service/user.go:65.2,65.12 1 0
github.com/mateusmacedo/go-nunu-template/internal/service/user.go:68.88,70.31 2 0
github.com/mateusmacedo/go-nunu-template/internal/service/user.go:70.31,72.3 1 0
github.com/mateusmacedo/go-nunu-template/internal/service/user.go:74.2,75.16 2 0
github.com/mateusmacedo/go-nunu-template/internal/service/user.go:75.16,77.3 1 0
github.com/mateusmacedo/go-nunu-template/internal/service/user.go:78.2,79.16 2 0
github.com/mateusmacedo/go-nunu-template/internal/service/user.go:79.16,81.3 1 0
github.com/mateusmacedo/go-nunu-template/internal/service/user.go:83.2,83.19 1 0
github.com/mateusmacedo/go-nunu-template/internal/service/user.go:86.106,88.16 2 0
github.com/mateusmacedo/go-nunu-template/internal/service/user.go:88.16,90.3 1 0
github.com/mateusmacedo/go-nunu-template/internal/service/user.go:92.2,95.8 1 0
github.com/mateusmacedo/go-nunu-template/internal/service/user.go:98.109,100.16 2 0
github.com/mateusmacedo/go-nunu-template/internal/service/user.go:100.16,102.3 1 0
github.com/mateusmacedo/go-nunu-template/internal/service/user.go:104.2,107.52 3 0
github.com/mateusmacedo/go-nunu-template/internal/service/user.go:107.52,109.3 1 0
github.com/mateusmacedo/go-nunu-template/internal/service/user.go:111.2,111.12 1 0
github.com/mateusmacedo/go-nunu-template/internal/repository/repository.go:30.15,36.2 1 0
github.com/mateusmacedo/go-nunu-template/internal/repository/repository.go:42.48,44.2 1 0
github.com/mateusmacedo/go-nunu-template/internal/repository/repository.go:48.55,50.14 2 0
github.com/mateusmacedo/go-nunu-template/internal/repository/repository.go:50.14,51.33 1 0
github.com/mateusmacedo/go-nunu-template/internal/repository/repository.go:51.33,53.4 1 0
github.com/mateusmacedo/go-nunu-template/internal/repository/repository.go:55.2,55.30 1 0
github.com/mateusmacedo/go-nunu-template/internal/repository/repository.go:58.97,59.67 1 0
github.com/mateusmacedo/go-nunu-template/internal/repository/repository.go:59.67,62.3 2 0
github.com/mateusmacedo/go-nunu-template/internal/repository/repository.go:65.55,76.16 5 0
github.com/mateusmacedo/go-nunu-template/internal/repository/repository.go:77.15,80.5 1 0
github.com/mateusmacedo/go-nunu-template/internal/repository/repository.go:81.18,85.22 1 0
github.com/mateusmacedo/go-nunu-template/internal/repository/repository.go:86.16,87.56 1 0
github.com/mateusmacedo/go-nunu-template/internal/repository/repository.go:88.10,89.29 1 0
github.com/mateusmacedo/go-nunu-template/internal/repository/repository.go:91.2,91.16 1 0
github.com/mateusmacedo/go-nunu-template/internal/repository/repository.go:91.16,92.13 1 0
github.com/mateusmacedo/go-nunu-template/internal/repository/repository.go:94.2,98.16 3 0
github.com/mateusmacedo/go-nunu-template/internal/repository/repository.go:98.16,99.13 1 0
github.com/mateusmacedo/go-nunu-template/internal/repository/repository.go:101.2,104.11 4 0
github.com/mateusmacedo/go-nunu-template/internal/repository/repository.go:106.48,117.16 5 0
github.com/mateusmacedo/go-nunu-template/internal/repository/repository.go:117.16,118.53 1 0
github.com/mateusmacedo/go-nunu-template/internal/repository/repository.go:121.2,121.12 1 0
github.com/mateusmacedo/go-nunu-template/internal/repository/user.go:19.54,23.2 1 0
github.com/mateusmacedo/go-nunu-template/internal/repository/user.go:29.78,30.53 1 0
github.com/mateusmacedo/go-nunu-template/internal/repository/user.go:30.53,32.3 1 0
github.com/mateusmacedo/go-nunu-template/internal/repository/user.go:33.2,33.12 1 0
github.com/mateusmacedo/go-nunu-template/internal/repository/user.go:36.78,37.51 1 0
github.com/mateusmacedo/go-nunu-template/internal/repository/user.go:37.51,39.3 1 0
github.com/mateusmacedo/go-nunu-template/internal/repository/user.go:40.2,40.12 1 0
github.com/mateusmacedo/go-nunu-template/internal/repository/user.go:43.91,45.82 2 0
github.com/mateusmacedo/go-nunu-template/internal/repository/user.go:45.82,46.45 1 0
github.com/mateusmacedo/go-nunu-template/internal/repository/user.go:46.45,48.4 1 0
github.com/mateusmacedo/go-nunu-template/internal/repository/user.go:49.3,49.18 1 0
github.com/mateusmacedo/go-nunu-template/internal/repository/user.go:51.2,51.19 1 0
github.com/mateusmacedo/go-nunu-template/internal/repository/user.go:54.93,56.79 2 0
github.com/mateusmacedo/go-nunu-template/internal/repository/user.go:56.79,57.45 1 0
github.com/mateusmacedo/go-nunu-template/internal/repository/user.go:57.45,59.4 1 0
github.com/mateusmacedo/go-nunu-template/internal/repository/user.go:60.3,60.18 1 0
github.com/mateusmacedo/go-nunu-template/internal/repository/user.go:62.2,62.19 1 0
github.com/mateusmacedo/go-nunu-template/internal/service/service.go:17.101,24.2 1 1
github.com/mateusmacedo/go-nunu-template/internal/service/user.go:20.87,25.2 1 1
github.com/mateusmacedo/go-nunu-template/internal/service/user.go:32.84,35.16 2 1
github.com/mateusmacedo/go-nunu-template/internal/service/user.go:35.16,37.3 1 0
github.com/mateusmacedo/go-nunu-template/internal/service/user.go:38.2,38.31 1 1
github.com/mateusmacedo/go-nunu-template/internal/service/user.go:38.31,40.3 1 1
github.com/mateusmacedo/go-nunu-template/internal/service/user.go:42.2,43.16 2 1
github.com/mateusmacedo/go-nunu-template/internal/service/user.go:43.16,45.3 1 0
github.com/mateusmacedo/go-nunu-template/internal/service/user.go:47.2,48.16 2 1
github.com/mateusmacedo/go-nunu-template/internal/service/user.go:48.16,50.3 1 0
github.com/mateusmacedo/go-nunu-template/internal/service/user.go:51.2,57.62 2 1
github.com/mateusmacedo/go-nunu-template/internal/service/user.go:57.62,59.53 1 0
github.com/mateusmacedo/go-nunu-template/internal/service/user.go:59.53,61.4 1 0
github.com/mateusmacedo/go-nunu-template/internal/service/user.go:63.3,63.13 1 0
github.com/mateusmacedo/go-nunu-template/internal/service/user.go:65.2,65.12 1 1
github.com/mateusmacedo/go-nunu-template/internal/service/user.go:68.88,70.31 2 1
github.com/mateusmacedo/go-nunu-template/internal/service/user.go:70.31,72.3 1 1
github.com/mateusmacedo/go-nunu-template/internal/service/user.go:74.2,75.16 2 1
github.com/mateusmacedo/go-nunu-template/internal/service/user.go:75.16,77.3 1 0
github.com/mateusmacedo/go-nunu-template/internal/service/user.go:78.2,79.16 2 1
github.com/mateusmacedo/go-nunu-template/internal/service/user.go:79.16,81.3 1 0
github.com/mateusmacedo/go-nunu-template/internal/service/user.go:83.2,83.19 1 1
github.com/mateusmacedo/go-nunu-template/internal/service/user.go:86.106,88.16 2 1
github.com/mateusmacedo/go-nunu-template/internal/service/user.go:88.16,90.3 1 0
github.com/mateusmacedo/go-nunu-template/internal/service/user.go:92.2,95.8 1 1
github.com/mateusmacedo/go-nunu-template/internal/service/user.go:98.109,100.16 2 1
github.com/mateusmacedo/go-nunu-template/internal/service/user.go:100.16,102.3 1 1
github.com/mateusmacedo/go-nunu-template/internal/service/user.go:104.2,107.52 3 1
github.com/mateusmacedo/go-nunu-template/internal/service/user.go:107.52,109.3 1 0
github.com/mateusmacedo/go-nunu-template/internal/service/user.go:111.2,111.12 1 1
